--- Startup times for process: Primary/TUI ---

times in msec
 clock   self+sourced   self:  sourced script
 clock   elapsed:              other lines

000.002  000.002: --- NVIM STARTING ---
000.120  000.119: event init
000.188  000.067: early init
000.221  000.034: locale set
000.265  000.043: init first window
000.558  000.293: inits 1
000.566  000.008: window checked
000.569  000.003: parsing arguments
000.947  000.031  000.031: require('vim.shared')
001.015  000.035  000.035: require('vim.inspect')
001.049  000.025  000.025: require('vim._options')
001.050  000.101  000.041: require('vim._editor')
001.051  000.152  000.021: require('vim._init_packages')
001.054  000.333: init lua interpreter
001.836  000.782: --- NVIM STARTED ---

--- Startup times for process: Embedded ---

times in msec
 clock   self+sourced   self:  sourced script
 clock   elapsed:              other lines

000.002  000.002: --- NVIM STARTING ---
000.180  000.178: event init
000.277  000.097: early init
000.331  000.055: locale set
000.384  000.052: init first window
000.855  000.472: inits 1
000.874  000.019: window checked
000.879  000.004: parsing arguments
001.430  000.047  000.047: require('vim.shared')
001.502  000.036  000.036: require('vim.inspect')
001.543  000.030  000.030: require('vim._options')
001.544  000.110  000.044: require('vim._editor')
001.545  000.184  000.027: require('vim._init_packages')
001.549  000.486: init lua interpreter
001.626  000.077: expanding arguments
001.644  000.018: inits 2
001.895  000.251: init highlight
001.896  000.001: waiting for UI
002.026  000.130: done waiting for UI
002.032  000.006: clear screen
002.111  000.006  000.006: require('vim.keymap')
002.456  000.420  000.415: require('vim._defaults')
002.458  000.005: init default mappings & autocommands
002.609  000.151: --cmd commands
007.402  000.044  000.044: sourcing /nix/store/n73p6hpp8kwacj11nigvi3jn4fml6qcc-neovim-unwrapped-0.10.2/share/nvim/runtime/ftplugin.vim
007.661  000.016  000.016: sourcing /nix/store/n73p6hpp8kwacj11nigvi3jn4fml6qcc-neovim-unwrapped-0.10.2/share/nvim/runtime/indent.vim
008.326  000.519  000.519: require('001_lazy')
013.635  000.107  000.107: require('lazy')
013.655  000.008  000.008: require('ffi')
013.697  000.019  000.019: require('vim.fs')
013.862  000.160  000.160: require('vim.uri')
013.871  000.214  000.035: require('vim.loader')
014.165  000.280  000.280: require('lazy.stats')
014.288  000.107  000.107: require('lazy.core.util')
014.369  000.079  000.079: require('lazy.core.config')
014.639  000.183  000.183: require('lazy.core.handler')
014.918  000.131  000.131: require('lazy.pkg')
014.926  000.211  000.080: require('lazy.core.meta')
014.946  000.306  000.095: require('lazy.core.plugin')
014.963  000.593  000.103: require('lazy.core.loader')
015.229  000.038  000.038: require('lazy.core.fragments')
018.743  000.056  000.056: require('lazy.core.handler.event')
018.771  000.023  000.023: require('lazy.core.handler.ft')
018.796  000.023  000.023: require('lazy.core.handler.cmd')
018.824  000.026  000.026: require('lazy.core.handler.keys')
018.935  000.029  000.029: sourcing /home/kleha/.local/share/zenn-nvim-dotfiles/lazy/nvim-lilypond-suite/ftdetect/filetype.lua
019.184  000.023  000.023: sourcing /home/kleha/.local/share/zenn-nvim-dotfiles/lazy/rust.vim/ftdetect/rust.vim
019.443  000.132  000.132: sourcing /nix/store/n73p6hpp8kwacj11nigvi3jn4fml6qcc-neovim-unwrapped-0.10.2/share/nvim/runtime/filetype.lua
019.779  000.234  000.234: require('catppuccin')
019.895  000.072  000.072: require('catppuccin.lib.hashing')
020.036  000.103  000.103: require('catppuccin.lib.compiler')
020.127  000.089  000.089: require('catppuccin.lib.mapper')
020.189  000.061  000.061: require('catppuccin.palettes')
020.268  000.078  000.078: require('catppuccin.palettes.mocha')
020.780  000.324  000.324: require('catppuccin.lib.hsluv')
020.784  000.499  000.175: require('catppuccin.utils.colors')
020.941  000.146  000.146: require('catppuccin.groups.syntax')
021.113  000.154  000.154: require('catppuccin.groups.editor')
021.208  000.076  000.076: require('catppuccin.groups.integrations.dashboard')
021.289  000.060  000.060: require('catppuccin.groups.integrations.flash')
021.398  000.077  000.077: require('catppuccin.groups.integrations.gitsigns')
021.487  000.058  000.058: require('catppuccin.groups.integrations.markdown')
021.596  000.078  000.078: require('catppuccin.groups.integrations.neotree')
021.720  000.083  000.083: require('catppuccin.groups.integrations.nvimtree')
021.845  000.055  000.055: require('catppuccin.groups.integrations.ufo')
021.945  000.060  000.060: require('catppuccin.groups.integrations.rainbow_delimiters')
022.057  000.074  000.074: require('catppuccin.groups.integrations.render_markdown')
022.260  000.113  000.113: require('catppuccin.groups.integrations.semantic_tokens')
023.020  000.067  000.067: require('vim.treesitter.language')
023.044  000.020  000.020: require('vim.func')
023.068  000.022  000.022: require('vim.func._memoize')
023.078  000.418  000.308: require('vim.treesitter.query')
023.102  000.023  000.023: require('vim.treesitter._range')
023.109  000.602  000.162: require('vim.treesitter.languagetree')
023.113  000.851  000.249: require('vim.treesitter')
023.151  000.036  000.036: require('vim.treesitter.highlighter')
023.287  000.083  000.083: require('catppuccin.groups.integrations.treesitter_context')
023.376  000.055  000.055: require('catppuccin.groups.integrations.illuminate')
023.483  000.058  000.058: require('catppuccin.groups.integrations.indent_blankline')
023.669  000.154  000.154: require('catppuccin.groups.integrations.mini')
023.979  000.209  000.209: require('catppuccin.groups.integrations.native_lsp')
024.234  000.124  000.124: require('catppuccin.groups.integrations.dropbar')
024.396  000.088  000.088: require('catppuccin.groups.integrations.telescope')
024.725  000.221  000.221: require('catppuccin.groups.integrations.treesitter')
025.047  000.153  000.153: require('catppuccin.groups.integrations.neogit')
025.429  000.107  000.107: require('catppuccin.groups.integrations.alpha')
025.748  000.081  000.081: require('catppuccin.groups.integrations.cmp')
026.336  000.066  000.066: require('catppuccin.groups.integrations.dap')
026.580  000.075  000.075: require('catppuccin.groups.integrations.dap_ui')
026.761  000.058  000.058: require('catppuccin.groups.terminal')
028.137  000.072  000.072: require('catppuccin.palettes.frappe')
031.699  000.091  000.091: require('catppuccin.palettes.latte')
035.788  000.230  000.230: require('catppuccin.palettes.macchiato')
039.636  000.006  000.006: sourcing /home/kleha/.local/share/zenn-nvim-dotfiles/lazy/denops.vim/autoload/denops/_internal/conf.vim
039.669  000.079  000.073: sourcing /home/kleha/.local/share/zenn-nvim-dotfiles/lazy/denops.vim/autoload/denops.vim
039.740  000.246  000.167: sourcing /home/kleha/.local/share/zenn-nvim-dotfiles/lazy/denops.vim/plugin/denops.vim
039.782  000.024  000.024: sourcing /home/kleha/.local/share/zenn-nvim-dotfiles/lazy/denops.vim/plugin/denops/debug.vim
040.315  000.027  000.027: sourcing /home/kleha/.local/share/zenn-nvim-dotfiles/lazy/ddc-source-lsp/plugin/ddc_source_lsp.vim
040.486  000.016  000.016: sourcing /home/kleha/.local/share/zenn-nvim-dotfiles/lazy/neco-vim/plugin/necovim.vim
041.122  000.042  000.042: require('treesitter-context.config')
041.130  000.271  000.229: require('treesitter-context')
041.161  000.004  000.004: require('vim.F')
041.176  000.346  000.071: sourcing /home/kleha/.local/share/zenn-nvim-dotfiles/lazy/nvim-treesitter-context/plugin/treesitter-context.lua
041.629  000.021  000.021: sourcing /home/kleha/.local/share/zenn-nvim-dotfiles/lazy/nvim-web-devicons/plugin/nvim-web-devicons.vim
041.682  000.024  000.024: sourcing /home/kleha/.local/share/zenn-nvim-dotfiles/lazy/barbar.nvim/plugin/barbar.lua
042.133  000.022  000.022: require('barbar.animate')
042.323  000.131  000.131: require('vim.diagnostic')
042.356  000.031  000.031: require('barbar.fs')
042.442  000.018  000.018: require('barbar.utils.table')
042.461  000.018  000.018: require('barbar.utils')
042.464  000.083  000.046: require('barbar.config')
042.483  000.018  000.018: require('barbar.utils.list')
042.488  000.131  000.030: require('barbar.buffer')
042.553  000.022  000.022: require('barbar.utils.highlight')
043.045  000.438  000.438: require('nvim-web-devicons.icons-default')
043.174  000.620  000.182: require('nvim-web-devicons')
043.180  000.668  000.026: require('barbar.icons')
043.187  000.698  000.030: require('barbar.ui.layout')
043.232  000.044  000.044: require('barbar.constants')
043.247  001.089  000.054: require('barbar.state')
043.251  001.117  000.027: require('barbar.bbye')
043.285  000.032  000.032: require('barbar.jump_mode')
043.380  000.045  000.045: require('barbar.ui.nodes')
043.387  000.101  000.056: require('barbar.ui.render')
043.399  001.327  000.054: require('barbar.api')
043.670  000.202  000.202: require('barbar.highlight')
043.678  000.255  000.053: require('barbar.events')
043.680  001.962  000.380: require('barbar')
047.304  000.148  000.148: require('mason-core.path')
047.471  000.092  000.092: require('mason-core.functional')
047.520  000.019  000.019: require('mason-core.functional.data')
047.523  000.045  000.026: require('mason-core.functional.function')
047.562  000.031  000.031: require('mason-core.functional.relation')
047.584  000.019  000.019: require('mason-core.functional.logic')
047.591  000.284  000.097: require('mason-core.platform')
047.626  000.034  000.034: require('mason.settings')
047.627  000.767  000.300: require('mason')
047.758  000.029  000.029: require('mason-core.functional.list')
047.782  000.022  000.022: require('mason-core.functional.string')
047.795  000.102  000.052: require('mason.api.command')
047.825  000.025  000.025: require('mason-registry.sources')
048.075  000.065  000.065: require('vim.lsp.log')
048.330  000.252  000.252: require('vim.lsp.protocol')
048.527  000.101  000.101: require('vim.lsp._snippet_grammar')
048.557  000.028  000.028: require('vim.highlight')
048.567  000.235  000.106: require('vim.lsp.util')
048.623  000.025  000.025: require('vim.lsp.sync')
048.626  000.057  000.032: require('vim.lsp._changetracking')
048.694  000.066  000.066: require('vim.lsp.rpc')
048.713  000.765  000.090: require('vim.lsp')
048.959  000.244  000.244: require('lspconfig.util')
048.971  001.049  000.040: sourcing /home/kleha/.local/share/zenn-nvim-dotfiles/lazy/nvim-lspconfig/plugin/lspconfig.lua
049.243  000.074  000.074: sourcing /home/kleha/.local/share/zenn-nvim-dotfiles/lazy/vim-indent-guides/autoload/indent_guides.vim
049.385  000.354  000.280: sourcing /home/kleha/.local/share/zenn-nvim-dotfiles/lazy/vim-indent-guides/plugin/indent_guides.vim
050.030  000.029  000.029: require('nvim-treesitter.utils')
050.594  000.562  000.562: require('nvim-treesitter.parsers')
050.821  000.042  000.042: require('nvim-treesitter.compat')
050.931  000.070  000.070: require('nvim-treesitter.ts_utils')
050.937  000.114  000.044: require('nvim-treesitter.tsrange')
050.972  000.034  000.034: require('nvim-treesitter.caching')
050.983  000.271  000.081: require('nvim-treesitter.query')
050.998  000.362  000.091: require('nvim-treesitter.configs')
051.000  000.404  000.042: require('nvim-treesitter.info')
051.069  000.067  000.067: require('nvim-treesitter.shell_command_selectors')
051.094  001.141  000.078: require('nvim-treesitter.install')
051.137  000.042  000.042: require('nvim-treesitter.statusline')
051.181  000.043  000.043: require('nvim-treesitter.query_predicates')
051.182  001.398  000.173: require('nvim-treesitter')
051.477  001.720  000.322: sourcing /home/kleha/.local/share/zenn-nvim-dotfiles/lazy/nvim-treesitter/plugin/nvim-treesitter.lua
052.032  000.094  000.094: require('lualine_require')
052.262  000.654  000.560: require('lualine')
054.449  000.085  000.085: require('lualine.utils.mode')
056.719  000.033  000.033: sourcing /home/kleha/.local/share/zenn-nvim-dotfiles/lazy/skkeleton/plugin/skkeleton.vim
057.065  000.158  000.158: sourcing /home/kleha/.local/share/zenn-nvim-dotfiles/lazy/winresizer/plugin/winresizer.vim
057.173  000.051  000.051: sourcing /nix/store/n73p6hpp8kwacj11nigvi3jn4fml6qcc-neovim-unwrapped-0.10.2/share/nvim/runtime/plugin/editorconfig.lua
057.273  000.085  000.085: sourcing /nix/store/n73p6hpp8kwacj11nigvi3jn4fml6qcc-neovim-unwrapped-0.10.2/share/nvim/runtime/plugin/gzip.vim
057.331  000.044  000.044: sourcing /nix/store/n73p6hpp8kwacj11nigvi3jn4fml6qcc-neovim-unwrapped-0.10.2/share/nvim/runtime/plugin/man.lua
057.679  000.101  000.101: sourcing /nix/store/n73p6hpp8kwacj11nigvi3jn4fml6qcc-neovim-unwrapped-0.10.2/share/nvim/runtime/pack/dist/opt/matchit/plugin/matchit.vim
057.690  000.343  000.242: sourcing /nix/store/n73p6hpp8kwacj11nigvi3jn4fml6qcc-neovim-unwrapped-0.10.2/share/nvim/runtime/plugin/matchit.vim
057.782  000.075  000.075: sourcing /nix/store/n73p6hpp8kwacj11nigvi3jn4fml6qcc-neovim-unwrapped-0.10.2/share/nvim/runtime/plugin/matchparen.vim
057.955  000.158  000.158: sourcing /nix/store/n73p6hpp8kwacj11nigvi3jn4fml6qcc-neovim-unwrapped-0.10.2/share/nvim/runtime/plugin/netrwPlugin.vim
058.007  000.031  000.031: sourcing /nix/store/n73p6hpp8kwacj11nigvi3jn4fml6qcc-neovim-unwrapped-0.10.2/share/nvim/runtime/plugin/osc52.lua
058.079  000.004  000.004: sourcing /nix/store/d511d8gixz7xba321p13cskbvjpczmhz-neovim-0.10.2/rplugin.vim
058.134  000.110  000.106: sourcing /nix/store/n73p6hpp8kwacj11nigvi3jn4fml6qcc-neovim-unwrapped-0.10.2/share/nvim/runtime/plugin/rplugin.vim
058.182  000.029  000.029: sourcing /nix/store/n73p6hpp8kwacj11nigvi3jn4fml6qcc-neovim-unwrapped-0.10.2/share/nvim/runtime/plugin/shada.vim
058.208  000.008  000.008: sourcing /nix/store/n73p6hpp8kwacj11nigvi3jn4fml6qcc-neovim-unwrapped-0.10.2/share/nvim/runtime/plugin/spellfile.vim
058.267  000.044  000.044: sourcing /nix/store/n73p6hpp8kwacj11nigvi3jn4fml6qcc-neovim-unwrapped-0.10.2/share/nvim/runtime/plugin/tarPlugin.vim
058.314  000.027  000.027: sourcing /nix/store/n73p6hpp8kwacj11nigvi3jn4fml6qcc-neovim-unwrapped-0.10.2/share/nvim/runtime/plugin/tohtml.lua
058.337  000.008  000.008: sourcing /nix/store/n73p6hpp8kwacj11nigvi3jn4fml6qcc-neovim-unwrapped-0.10.2/share/nvim/runtime/plugin/tutor.vim
058.425  000.073  000.073: sourcing /nix/store/n73p6hpp8kwacj11nigvi3jn4fml6qcc-neovim-unwrapped-0.10.2/share/nvim/runtime/plugin/zipPlugin.vim
058.528  050.200  034.780: require('002_plugins')
058.606  000.076  000.076: require('003_general')
060.146  000.952  000.952: sourcing /home/kleha/.local/share/zenn-nvim-dotfiles/lazy/catppuccin/colors/catppuccin.vim
061.911  003.304  002.351: require('004_ui')
062.351  000.018  000.018: sourcing /home/kleha/.local/share/zenn-nvim-dotfiles/lazy/plenary.nvim/plugin/plenary.vim
062.984  000.105  000.105: sourcing /home/kleha/.local/share/zenn-nvim-dotfiles/lazy/telescope.nvim/plugin/telescope.lua
063.043  001.093  000.969: require('telescope.builtin')
063.358  000.029  000.029: require('telescope._extensions')
063.361  000.266  000.238: require('telescope')
063.519  000.022  000.022: require('telescope.state')
063.638  000.022  000.022: require('plenary.bit')
063.664  000.026  000.026: require('plenary.functional')
063.679  000.101  000.053: require('plenary.path')
063.689  000.132  000.031: require('plenary.strings')
063.710  000.021  000.021: require('telescope.deprecated')
063.874  000.081  000.081: require('plenary.log')
063.916  000.170  000.089: require('telescope.log')
064.048  000.023  000.023: require('plenary.compat')
064.054  000.087  000.064: require('plenary.job')
064.063  000.146  000.059: require('telescope.utils')
064.067  000.356  000.040: require('telescope.sorters')
065.031  001.511  001.003: require('telescope.config')
065.034  001.561  000.028: require('telescope.actions.state')
065.041  001.597  000.036: require('telescope._extensions.file_browser.utils')
065.106  000.063  000.063: require('telescope._extensions.file_browser.lsp')
065.298  000.034  000.034: require('plenary.window.border')
065.322  000.023  000.023: require('plenary.window')
065.342  000.019  000.019: require('plenary.popup.utils')
065.344  000.124  000.048: require('plenary.popup')
065.374  000.029  000.029: require('telescope.pickers.scroller')
065.404  000.029  000.029: require('telescope.actions.utils')
065.486  000.041  000.041: require('telescope.actions.mt')
065.495  000.090  000.049: require('telescope.actions.set')
065.556  000.033  000.033: require('telescope.config.resolve')
065.557  000.061  000.028: require('telescope.pickers.entry_display')
065.581  000.024  000.024: require('telescope.from_entry')
065.731  000.624  000.266: require('telescope.actions')
067.045  001.311  001.311: require('plenary.scandir')
067.252  000.031  000.031: require('plenary.tbl')
067.258  000.065  000.034: require('plenary.vararg.rotate')
067.259  000.106  000.041: require('plenary.vararg')
067.291  000.031  000.031: require('plenary.errors')
067.294  000.181  000.044: require('plenary.async.async')
067.445  000.048  000.048: require('plenary.async.structs')
067.462  000.105  000.056: require('plenary.async.control')
067.470  000.147  000.042: require('plenary.async.util')
067.472  000.177  000.031: require('plenary.async.tests')
067.474  000.426  000.067: require('plenary.async')
067.537  004.154  000.133: require('telescope._extensions.file_browser.actions')
067.696  000.056  000.056: require('telescope._extensions.file_browser.git')
067.727  000.030  000.030: require('telescope._extensions.file_browser.make_entry_utils')
067.772  000.045  000.045: require('telescope._extensions.file_browser.fs_stat')
067.777  000.188  000.058: require('telescope._extensions.file_browser.make_entry')
067.932  000.039  000.039: require('plenary.class')
067.944  000.102  000.063: require('telescope._')
068.112  000.167  000.167: require('telescope.make_entry')
068.115  000.337  000.068: require('telescope.finders.async_oneshot_finder')
068.249  000.042  000.042: require('telescope.finders.async_static_finder')
068.284  000.034  000.034: require('telescope.finders.async_job_finder')
068.289  000.174  000.097: require('telescope.finders')
068.292  000.754  000.055: require('telescope._extensions.file_browser.finders')
068.593  000.111  000.111: require('telescope.debounce')
068.701  000.105  000.105: require('telescope.mappings')
068.756  000.054  000.054: require('telescope.pickers.highlights')
068.798  000.041  000.041: require('telescope.pickers.window')
068.905  000.062  000.062: require('telescope.algos.linked_list')
068.908  000.108  000.047: require('telescope.entry_manager')
068.944  000.036  000.036: require('telescope.pickers.multi')
068.960  000.628  000.174: require('telescope.pickers')
068.962  000.669  000.041: require('telescope._extensions.file_browser.picker')
069.011  000.048  000.048: require('telescope._extensions.file_browser.config')
069.013  005.650  000.026: require('telescope._extensions.file_browser')
069.027  007.113  000.104: require('005_telescope')
069.075  000.048  000.048: require('006_keymap')
069.237  000.047  000.047: sourcing /home/kleha/.local/share/zenn-nvim-dotfiles/lazy/ddc.vim/autoload/ddc/custom.vim
069.372  000.033  000.033: sourcing /home/kleha/.local/share/zenn-nvim-dotfiles/lazy/ddc.vim/autoload/ddc/denops.vim
069.606  000.147  000.147: sourcing /home/kleha/.local/share/zenn-nvim-dotfiles/lazy/denops.vim/autoload/denops/server.vim
069.783  000.086  000.086: sourcing /home/kleha/.local/share/zenn-nvim-dotfiles/lazy/denops.vim/autoload/denops/_internal/server/chan.vim
069.968  000.020  000.020: sourcing /home/kleha/.local/share/zenn-nvim-dotfiles/lazy/denops.vim/autoload/denops/_internal/path.vim
070.031  000.160  000.140: sourcing /home/kleha/.local/share/zenn-nvim-dotfiles/lazy/denops.vim/autoload/denops/_internal/server/proc.vim
070.248  000.036  000.036: sourcing /home/kleha/.local/share/zenn-nvim-dotfiles/lazy/ddc.vim/autoload/ddc.vim
070.356  000.033  000.033: sourcing /home/kleha/.local/share/zenn-nvim-dotfiles/lazy/denops.vim/autoload/denops/plugin.vim
070.493  000.054  000.054: sourcing /home/kleha/.local/share/zenn-nvim-dotfiles/lazy/denops.vim/autoload/denops/_internal/plugin.vim
070.560  001.484  000.888: require('007_ddc')
070.676  000.115  000.115: require('008_tab')
071.099  000.187  000.187: require('lspconfig.async')
071.102  000.329  000.142: require('lspconfig.configs')
071.117  000.390  000.062: require('lspconfig')
071.463  000.238  000.238: require('mason-core.log')
071.551  000.087  000.087: require('mason-lspconfig.settings')
071.565  000.446  000.121: require('mason-lspconfig')
071.843  000.100  000.100: require('mason-lspconfig.notify')
071.858  000.238  000.138: require('mason-lspconfig.lspconfig_hook')
072.167  000.159  000.159: require('mason-core.functional.table')
072.201  000.342  000.183: require('mason-lspconfig.mappings.server')
072.352  000.069  000.069: require('mason-core.EventEmitter')
072.378  000.024  000.024: require('mason-core.optional')
072.440  000.038  000.038: require('mason-core.async')
072.460  000.019  000.019: require('mason-core.async.uv')
072.464  000.085  000.028: require('mason-core.fs')
072.477  000.275  000.097: require('mason-registry')
072.498  000.020  000.020: require('mason-lspconfig.server_config_extensions')
072.529  000.029  000.029: require('lspconfig.configs.omnisharp')
072.780  000.034  000.034: require('mason-core.functional.number')
072.794  000.087  000.052: require('mason-lspconfig.api.command')
072.835  002.157  000.330: require('009_lsp')
072.868  000.032  000.032: require('010_pum')
073.066  000.136  000.136: sourcing /home/kleha/.local/share/zenn-nvim-dotfiles/lazy/skkeleton/autoload/skkeleton.vim
073.136  000.268  000.132: require('011_skk')
073.305  000.026  000.026: require('nvim-treesitter.highlight')
073.309  000.172  000.145: require('012_treesitter')
073.785  000.022  000.022: require('toggleterm.lazy')
073.806  000.018  000.018: require('toggleterm.constants')
073.860  000.053  000.053: require('toggleterm.terminal')
073.864  000.352  000.259: require('toggleterm')
073.913  000.022  000.022: require('toggleterm.colors')
073.938  000.024  000.024: require('toggleterm.utils')
073.942  000.077  000.031: require('toggleterm.config')
074.046  000.034  000.034: require('vim.version')
074.890  000.042  000.042: require('toggleterm.commandline')
074.905  001.573  001.068: require('toggleterm.terminal')
074.947  001.636  000.063: require('013_toggleterm')
074.948  067.161  000.038: sourcing /home/kleha/.config/zenn-nvim-dotfiles/init.lua
074.951  005.121: sourcing vimrc file(s)
075.110  000.024  000.024: sourcing /nix/store/n73p6hpp8kwacj11nigvi3jn4fml6qcc-neovim-unwrapped-0.10.2/share/nvim/runtime/filetype.lua
075.283  000.043  000.043: sourcing /nix/store/n73p6hpp8kwacj11nigvi3jn4fml6qcc-neovim-unwrapped-0.10.2/share/nvim/runtime/syntax/synload.vim
075.335  000.185  000.142: sourcing /nix/store/n73p6hpp8kwacj11nigvi3jn4fml6qcc-neovim-unwrapped-0.10.2/share/nvim/runtime/syntax/syntax.vim
075.340  000.180: inits 3
075.909  000.569: reading ShaDa
076.054  000.145: opening buffers
076.207  000.153: BufEnter autocommands
076.208  000.002: editing files in windows
076.212  000.003: --- NVIM STARTED ---

